<?xml version="1.0" encoding="UTF-8"?>
<!-- Generated by org.testng.reporters.JUnitReportReporter -->
<testsuite skipped="0" hostname="BLRW3011040" name="com.iqvia.testscript.RDM_NonGeoBrick_BoundaryType_Insertion" tests="1" failures="0" timestamp="17 Apr 2018 07:49:53 GMT" time="240.441" errors="0">
  <testcase name="rdm_NonGeoBrick_BoundaryType_Insertion" time="240.441" classname="com.iqvia.testscript.RDM_NonGeoBrick_BoundaryType_Insertion"/>
</testsuite> <!-- com.iqvia.testscript.RDM_NonGeoBrick_BoundaryType_Insertion -->
