<?xml version="1.0" encoding="UTF-8"?>
<!-- Generated by org.testng.reporters.JUnitReportReporter -->
<testsuite skipped="0" hostname="BLRW3011040" name="com.iqvia.testscript.RDM_MandatoryField_Verification_Panel" tests="1" failures="0" timestamp="17 Apr 2018 07:49:53 GMT" time="51.298" errors="0">
  <testcase name="rdm_FindingRecords_Panel" time="51.298" classname="com.iqvia.testscript.RDM_MandatoryField_Verification_Panel"/>
</testsuite> <!-- com.iqvia.testscript.RDM_MandatoryField_Verification_Panel -->
