<?xml version="1.0" encoding="UTF-8"?>
<!-- Generated by org.testng.reporters.JUnitReportReporter -->
<testsuite skipped="0" hostname="BLRW3011040" name="com.iqvia.testscript.RDM_Duplicate_PanelMember" tests="1" failures="0" timestamp="19 Apr 2018 12:46:07 GMT" time="58.889" errors="0">
  <testcase name="rdm_Duplicate_PanelMember" time="58.889" classname="com.iqvia.testscript.RDM_Duplicate_PanelMember"/>
</testsuite> <!-- com.iqvia.testscript.RDM_Duplicate_PanelMember -->
