<?xml version="1.0" encoding="UTF-8"?>
<!-- Generated by org.testng.reporters.JUnitReportReporter -->
<testsuite skipped="0" hostname="BLRW3011040" name="com.iqvia.testscript.RDM_Duplicate_BoundaryType" tests="1" failures="0" timestamp="17 Apr 2018 07:49:53 GMT" time="338.195" errors="0">
  <testcase name="rdm_Duplicate_PanelMember" time="338.195" classname="com.iqvia.testscript.RDM_Duplicate_BoundaryType"/>
</testsuite> <!-- com.iqvia.testscript.RDM_Duplicate_BoundaryType -->
