<?xml version="1.0" encoding="UTF-8"?>
<!-- Generated by org.testng.reporters.JUnitReportReporter -->
<testsuite skipped="0" hostname="BLRW3011040" name="com.iqvia.testscript.RDM_Panel_Updation" tests="1" failures="0" timestamp="19 Apr 2018 12:46:07 GMT" time="111.902" errors="0">
  <testcase name="rdm_Panel_Updation" time="111.902" classname="com.iqvia.testscript.RDM_Panel_Updation"/>
</testsuite> <!-- com.iqvia.testscript.RDM_Panel_Updation -->
