<?xml version="1.0" encoding="UTF-8"?>
<!-- Generated by org.testng.reporters.JUnitReportReporter -->
<testsuite skipped="0" hostname="BLRW3011040" name="com.iqvia.testscript.RDM_NonGeoBrick_BoundaryType_Update_Delete" tests="1" failures="0" timestamp="17 Apr 2018 07:49:53 GMT" time="205.423" errors="0">
  <testcase name="rdm_NonGeoBrick_BoundaryType_Update_Delete" time="205.423" classname="com.iqvia.testscript.RDM_NonGeoBrick_BoundaryType_Update_Delete"/>
</testsuite> <!-- com.iqvia.testscript.RDM_NonGeoBrick_BoundaryType_Update_Delete -->
